<?xml version="1.0" encoding="UTF-8"?>
<testsuite xmlns:xsi="http://www.w3.org/2001/XMLSchema-instance" xsi:noNamespaceSchemaLocation="https://maven.apache.org/surefire/maven-surefire-plugin/xsd/surefire-test-report.xsd" version="3.0.2" name="com.bajaj_test.BajajTestApplicationTests" time="9.262" tests="1" errors="0" skipped="0" failures="0">
  <properties>
[...]
</properties>
  <testcase name="contextLoads" classname="com.bajaj_test.BajajTestApplicationTests" time="1.653">
    <system-out><![CDATA[15:42:41.393 [main] INFO org.springframework.test.context.support.AnnotationConfigContextLoaderUtils -- Could not detect default configuration classes for test class [com.bajaj_test.BajajTestApplicationTests]: BajajTestApplicationTests does not declare any static, non-private, non-final, nested classes annotated with @Configuration.
15:42:41.550 [main] INFO org.springframework.boot.test.context.SpringBootTestContextBootstrapper -- Found @SpringBootConfiguration com.bajaj_test.BajajTestApplication for test class com.bajaj_test.BajajTestApplicationTests

  .   ____          _            __ _ _
 /\\ / ___'_ __ _ _(_)_ __  __ _ \ \ \ \
( ( )\___ | '_ | '_| | '_ \/ _` | \ \ \ \
 \\/  ___)| |_)| | | | | || (_| |  ) ) ) )
  '  |____| .__|_| |_|_| |_\__, | / / / /
 =========|_|==============|___/=/_/_/_/

 :: Spring Boot ::                (v3.5.6)

2025-09-22T15:42:42.170+05:30  INFO 31780 --- [           main] c.bajaj_test.BajajTestApplicationTests   : Starting BajajTestApplicationTests using Java 21.0.4 with PID 31780 (started by shrey in C:\Users\shrey\getting-started\bajaj-test\bajaj-test)
2025-09-22T15:42:42.172+05:30  INFO 31780 --- [           main] c.bajaj_test.BajajTestApplicationTests   : No active profile set, falling back to 1 default profile: "default"
2025-09-22T15:42:43.204+05:30  INFO 31780 --- [           main] .s.d.r.c.RepositoryConfigurationDelegate : Bootstrapping Spring Data JPA repositories in DEFAULT mode.
2025-09-22T15:42:43.317+05:30  INFO 31780 --- [           main] .s.d.r.c.RepositoryConfigurationDelegate : Finished Spring Data repository scanning in 94 ms. Found 3 JPA repository interfaces.
2025-09-22T15:42:44.198+05:30  INFO 31780 --- [           main] o.hibernate.jpa.internal.util.LogHelper  : HHH000204: Processing PersistenceUnitInfo [name: default]
2025-09-22T15:42:44.338+05:30  INFO 31780 --- [           main] org.hibernate.Version                    : HHH000412: Hibernate ORM core version 6.6.29.Final
2025-09-22T15:42:44.406+05:30  INFO 31780 --- [           main] o.h.c.internal.RegionFactoryInitiator    : HHH000026: Second-level cache disabled
2025-09-22T15:42:45.124+05:30  INFO 31780 --- [           main] o.s.o.j.p.SpringPersistenceUnitInfo      : No LoadTimeWeaver setup: ignoring JPA class transformer
2025-09-22T15:42:45.191+05:30  INFO 31780 --- [           main] com.zaxxer.hikari.HikariDataSource       : HikariPool-1 - Starting...
2025-09-22T15:42:45.503+05:30  INFO 31780 --- [           main] com.zaxxer.hikari.pool.HikariPool        : HikariPool-1 - Added connection conn0: url=jdbc:h2:mem:testdb user=SA
2025-09-22T15:42:45.505+05:30  INFO 31780 --- [           main] com.zaxxer.hikari.HikariDataSource       : HikariPool-1 - Start completed.
2025-09-22T15:42:45.546+05:30  WARN 31780 --- [           main] org.hibernate.orm.deprecation            : HHH90000025: H2Dialect does not need to be specified explicitly using 'hibernate.dialect' (remove the property setting and it will be selected by default)
2025-09-22T15:42:45.579+05:30  INFO 31780 --- [           main] org.hibernate.orm.connections.pooling    : HHH10001005: Database info:
	Database JDBC URL [Connecting through datasource 'HikariDataSource (HikariPool-1)']
	Database driver: undefined/unknown
	Database version: 2.3.232
	Autocommit mode: undefined/unknown
	Isolation level: undefined/unknown
	Minimum pool size: undefined/unknown
	Maximum pool size: undefined/unknown
2025-09-22T15:42:46.533+05:30  INFO 31780 --- [           main] o.h.e.t.j.p.i.JtaPlatformInitiator       : HHH000489: No JTA platform available (set 'hibernate.transaction.jta.platform' to enable JTA platform integration)
Hibernate: drop table if exists department cascade 
Hibernate: drop table if exists employee cascade 
Hibernate: drop table if exists payments cascade 
Hibernate: create table department (department_id integer generated by default as identity, created_at timestamp(6), updated_at timestamp(6), department_name varchar(255), primary key (department_id))
Hibernate: create table employee (department_id integer, dob date, emp_id integer generated by default as identity, created_at timestamp(6), updated_at timestamp(6), first_name varchar(255), gender varchar(255), last_name varchar(255), primary key (emp_id))
Hibernate: create table payments (amount numeric(38,2), emp_id integer, payment_id integer generated by default as identity, created_at timestamp(6), payment_time timestamp(6), updated_at timestamp(6), primary key (payment_id))
Hibernate: alter table if exists employee add constraint FKbejtwvg9bxus2mffsm3swj3u9 foreign key (department_id) references department
Hibernate: alter table if exists payments add constraint FKqgrmjbwjq4g1mr0ljuktxhmef foreign key (emp_id) references employee
2025-09-22T15:42:46.599+05:30  INFO 31780 --- [           main] j.LocalContainerEntityManagerFactoryBean : Initialized JPA EntityManagerFactory for persistence unit 'default'
2025-09-22T15:42:46.812+05:30  WARN 31780 --- [           main] JpaBaseConfiguration$JpaWebConfiguration : spring.jpa.open-in-view is enabled by default. Therefore, database queries may be performed during view rendering. Explicitly configure spring.jpa.open-in-view to disable this warning
2025-09-22T15:42:47.554+05:30  INFO 31780 --- [           main] o.s.d.j.r.query.QueryEnhancerFactory     : Hibernate is in classpath; If applicable, HQL parser will be used.
2025-09-22T15:42:47.613+05:30  INFO 31780 --- [           main] o.s.b.a.h2.H2ConsoleAutoConfiguration    : H2 console available at '/h2-console'. Database available at 'jdbc:h2:mem:testdb'
2025-09-22T15:42:47.724+05:30  INFO 31780 --- [           main] c.bajaj_test.BajajTestApplicationTests   : Started BajajTestApplicationTests in 5.945 seconds (process running for 7.347)
2025-09-22T15:42:47.729+05:30  INFO 31780 --- [           main] com.bajaj_test.service.WebhookService    : Generating webhook for registration number 358
2025-09-22T15:42:48.537+05:30  INFO 31780 --- [           main] com.bajaj_test.service.WebhookService    : Webhook generated successfully: https://bfhldevapigw.healthrx.co.in/hiring/testWebhook/JAVA
2025-09-22T15:42:48.537+05:30  INFO 31780 --- [           main] com.bajaj_test.service.WebhookService    : Registration number 358 is even. Solving Question 2.
2025-09-22T15:42:48.537+05:30  INFO 31780 --- [           main] com.bajaj_test.service.WebhookService    : Submitting solution to: https://bfhldevapigw.healthrx.co.in/hiring/testWebhook/JAVA
2025-09-22T15:42:48.782+05:30  INFO 31780 --- [           main] com.bajaj_test.service.WebhookService    : Solution submitted. Response: {"success":true,"message":"Webhook processed successfully"}
]]></system-out>
    <system-err><![CDATA[Mockito is currently self-attaching to enable the inline-mock-maker. This will no longer work in future releases of the JDK. Please add Mockito as an agent to your build as described in Mockito's documentation: https://javadoc.io/doc/org.mockito/mockito-core/latest/org.mockito/org/mockito/Mockito.html#0.3
WARNING: A Java agent has been loaded dynamically (C:\Users\shrey\.m2\repository\net\bytebuddy\byte-buddy-agent\1.17.7\byte-buddy-agent-1.17.7.jar)
WARNING: If a serviceability tool is in use, please run with -XX:+EnableDynamicAgentLoading to hide this warning
WARNING: If a serviceability tool is not in use, please run with -Djdk.instrument.traceUsage for more information
WARNING: Dynamic loading of agents will be disallowed by default in a future release
]]></system-err>
  </testcase>
</testsuite>